"[junit] Tests run: \uFF11, Failures: \uFF12\u0E51, Errors: \uFF18, Time elapsed: 3\u0B67\u9BAD\uFF17 sec"
"[junit] Tests run: \uFF15, Failures: \uFF19\u06F9, Errors: \uFF10\uFF18, Time elapsed: \uFF19\u2150\u0D68 sec"
"[junit] Tests run: \uFF17\uFF19, Failures: \uFF17, Errors: \uFF19\u0CE6\uFF18\uFF15, Time elapsed: \uFF19\u3BFD\uFF19 sec"
