"[junit] Tests run: \uFF19\u1B59, Failures: \uFF10, Errors: \u09EF, Time elapsed: \uFF19\uFF18\u6DBB\uFF18 sec"
"[junit] Tests run: \u1B54, Failures: \uFF18\uFF18, Errors: \uFF18, Time elapsed: \uFF18\u17E5\uFDD6\u07C9\u19D4 sec"
"[junit] Tests run: \uFF18\u17E8\uFF14, Failures: \uFF11, Errors: \u1049, Time elapsed: \u0E59\uF655\uFF18 sec"
