"[junit] Tests run: \u1B58\u1042, Failures: \u0669\uFF18, Errors: \uFF11, Time elapsed: \u07C8\uFF18\uCA67\u1B58 sec"
"[junit] Tests run: \u1040\u1048, Failures: \uFF17, Errors: \uFF19\uFF19, Time elapsed: \u0E58\u1947\uA1AB\uFF13\u194C\u1046\u17E8 sec"
"[junit] Tests run: \u0AE6\uFF17\uFF19, Failures: \u0ED6, Errors: \u1815, Time elapsed: \u1812\uFF108\u93A2\u0CEF\uFF19 sec"
"[junit] Tests run: \uFF19\uFF17\u1811\uFF14, Failures: \uFF19, Errors: \uFF19\u0BEA, Time elapsed: \u17E8\uB6C6\uFF13 sec"
"[junit] Tests run: \uFF19, Failures: \uFF18, Errors: \uFF10\uFF17, Time elapsed: 9\u17E2\u3C48\u07C6 sec"
"[junit] Tests run: \u1B55\u0E58, Failures: \uFF18\u0C67, Errors: \uFF15, Time elapsed: \u0B66\u1A4A\u17E0 sec"
"[junit] Tests run: \u1048\uFF18, Failures: \uFF13\uFF11\uFF18, Errors: \u17E0, Time elapsed: \uFF15\uFC7E\uFF16 sec"
"[junit] Tests run: \uFF14\u0BEC, Failures: \u07C1, Errors: \uFF14, Time elapsed: \u1049\u61B0\uFF19 sec"
"[junit] Tests run: \u1818, Failures: \u1B59\uFF15\uFF17\uFF15, Errors: \uFF18\u09E6\u1B59\uFF17\uFF18\uFF16\u0A6F, Time elapsed: \uFF11\uFF16\u1FA7\uFF11\uFF18 sec"
"[junit] Tests run: \uFF13\uFF19\uFF18\u1B58\uFF17, Failures: \uFF13, Errors: \uFF15, Time elapsed: \uFF18\u1947\uA3DF\uFF16\uFF18 sec"
"[junit] Tests run: \u1B55, Failures: \u0D6E\u19D8\u0B66\uFF14, Errors: \u1817\uFF18, Time elapsed: \u17E5\u8B40\u0B69 sec"
"[junit] Tests run: \u0F28, Failures: \uFF19, Errors: \u17E5\uFF14, Time elapsed: \u1046\uCAD9\u0BE6\u0B6B\u0966 sec"
"[junit] Tests run: \uFF19\uFF183, Failures: \uFF169\uFF162\u1048\u1049, Errors: \u06F7, Time elapsed: \uFF19\uFF14\u06F8\u2DAC\u1B53\u17E9\u0D67\u1049 sec"
"[junit] Tests run: \uFF19, Failures: \uFF19\uFF19, Errors: \u1B57\u1B54\uFF18\u1B59\uFF17\uFF14\uFF13, Time elapsed: \uFF16\u0AED\u0966\u0669\u3927\uFF14 sec"
"[junit] Tests run: \uFF18, Failures: \uFF11, Errors: \uFF18\uFF12\uFF10, Time elapsed: \u0D66\u1B58\uFF16\uF949\uFF16\uFF16\u0ED9\u09EA\u07C7\u0969 sec"
