"[junit] Tests run: \u096D, Failures: \u1B52, Errors: \u0AE6, Time elapsed: \uFF18\u1040\uFF19\uFF18\uFF19\uFF18\uFF18\uFF15\uFF18\u949B\u17E1 sec"
"[junit] Tests run: \uFF18\uFF18, Failures: \u09E7, Errors: \u1047\u0D66, Time elapsed: \u06F98\uFF12\uFF12\u7011\uFF19 sec"
"[junit] Tests run: \u09EF\u07C8\uFF19, Failures: \u0B6E\u1048\uFF19, Errors: \u0665, Time elapsed: \uFF15\uD302\u0C6A sec"
"[junit] Tests run: \uFF13\u1B59, Failures: \u1043\uFF18, Errors: \uFF14, Time elapsed: \uFF12\uFF17\uF236\u1B59 sec"
"[junit] Tests run: \uFF18\uFF18\uFF18\uFF18, Failures: \uFF15, Errors: \u17E4, Time elapsed: \uFF19\u17E9\u0816\uFF18\u1049\uFF19 sec"
"[junit] Tests run: \u0A6E, Failures: \uFF19\u1B59, Errors: \u0D66, Time elapsed: \uFF18\u74E2\u07C8 sec"
"[junit] Tests run: \uFF18, Failures: \u1B59\u1946, Errors: \u1048, Time elapsed: \uFF15\uFF15\uF6F9\uFF19\uFF10\u06F7 sec"
"[junit] Tests run: \u0AEA, Failures: \uFF19\u0CEB, Errors: \u1B59, Time elapsed: \u1045\u7C53\u07C9\u1B59\uFF18\u07C8\uFF19 sec"
"[junit] Tests run: \u1816, Failures: \uFF13\u1B58\uFF18\uFF18\uFF18\u06F4, Errors: \uFF168\uFF14, Time elapsed: \uFF18\u9E11\uFF18\uFF18\u17E9\uFF11 sec"
"[junit] Tests run: \u1048\uFF13, Failures: \uFF12, Errors: \u1812\uFF18\uFF19\u17E2\u17E5\uFF16, Time elapsed: \u0CE6\uF9E5\uFF12 sec"
"[junit] Tests run: \u09E7, Failures: \u0AE7, Errors: \uFF19, Time elapsed: \u0C69\uFF19\uFF19\u17E6\u2A2A\uFF18\u0D69 sec"
"[junit] Tests run: \u0A6E\uFF12, Failures: \uFF146\u0F25, Errors: \uFF18\u17E9, Time elapsed: \u17E5\u1B1A9 sec"
"[junit] Tests run: \u0966, Failures: \uFF19\u1B50, Errors: \u1048, Time elapsed: \uFF13\u87B4\u0D66 sec"
"[junit] Tests run: \uFF19, Failures: \uFF19, Errors: \uFF18, Time elapsed: 9\u17E69\u02FC\u1B58 sec"
"[junit] Tests run: \u0663, Failures: \u1B56, Errors: \u0AE7\uFF182\uFF19\u1B59, Time elapsed: \uFF18\u1041\u0ED8\u09663\uF5BA\u0A6D\u1B58\uFF14\uFF19\uFF14\u0B67\uFF10\uFF13\uFF19\u17E7\uFF18 sec"
