"[junit] Tests run: \u0968\uFF13\u1049, Failures: \u0661\u1B54\u17E9, Errors: \uFF11\u0F24\u0BEF\uFF18, Time elapsed: \uFF12\u8D64\uFF188 sec"
"[junit] Tests run: \u1044, Failures: \u17E8, Errors: \u0966, Time elapsed: 8\u0B66\uFF18\u61F3\uFF16 sec"
"[junit] Tests run: \u1B52\uFF16\uFF14\uFF13\uFF11, Failures: \uFF19, Errors: \u19D8\uFF11\uFF19, Time elapsed: \u09EB\u5854\u0AEE\uFF11 sec"
