"[junit] Tests run: \u0669\uFF19\u0966\uFF18, Failures: \uFF18, Errors: \uFF10\u17E6, Time elapsed: \u1040\u1E0B\u0669\uFF18 sec"
"[junit] Tests run: \uFF15\u0969, Failures: \uFF14, Errors: \uFF19, Time elapsed: \uFF10\u0D47\uFF19\u0F26\uFF11\uFF18 sec"
"[junit] Tests run: \uFF15, Failures: \uFF19, Errors: \uFF18, Time elapsed: \uFF10\uDFBC\u07C8\uFF18 sec"
