"[junit] Tests run: \u1B50\uFF178, Failures: \u0669\u0668\uFF15, Errors: \uFF18\u17E1\uFF19, Time elapsed: \uFF18\uCB86\u17E0\u1048 sec"
"[junit] Tests run: \u0668, Failures: \uFF104\u09E6, Errors: \u1B55\uFF16, Time elapsed: \u06F7\uD713\uFF18 sec"
"[junit] Tests run: \uFF18\u0ED1\uFF10, Failures: \uFF10\u1B54, Errors: \uFF18\u0967, Time elapsed: \uFF16\u17E5\u09E6\uE844\uFF19\uFF19 sec"
