"[junit] Tests run: \u0D69\uFF13\uFF18, Failures: \u07C8, Errors: \uFF16\u1049, Time elapsed: \uFF19\u2F59\u07C2\uFF15 sec"
"[junit] Tests run: 7\u0C66, Failures: \u0AE6\u0CE6\uFF11, Errors: \u1B59, Time elapsed: \uFF18\uFF13\u561D\uFF18\uFF19\uFF18\u19D9 sec"
"[junit] Tests run: \uFF19, Failures: \u09EA, Errors: \uFF12, Time elapsed: \uFF12\u8CB0\u06F8\uFF17 sec"
